Start testing: Aug 24 17:21 CEST
----------------------------------------------------------
1/1 Testing: BufferTest
1/1 Test: BufferTest
Command: "/home/seb/Desktop/project_tietoevry/build/tests/bufferTest"
Directory: /home/seb/Desktop/project_tietoevry/build/tests
"BufferTest" start time: Aug 24 17:21 CEST
Output:
----------------------------------------------------------
<end of output>
Test time =   0.00 sec
----------------------------------------------------------
Test Passed.
"BufferTest" end time: Aug 24 17:21 CEST
"BufferTest" time elapsed: 00:00:00
----------------------------------------------------------

End testing: Aug 24 17:21 CEST
